# JRE version: OpenJDK Runtime Environment Temurin-23.0.1+11 (23.0.1+11) (build 23.0.1+11)
# Java VM: OpenJDK 64-Bit Server VM Temurin-23.0.1+11 (23.0.1+11, mixed mode, sharing, tiered, compressed oops, compressed class ptrs, g1 gc, bsd-amd64)
Heap:
 garbage-first heap   total reserved 4194304K, committed 264192K, used 156268K [0x0000000700000000, 0x0000000800000000)
  region size 2048K, 76 young (155648K), 1 survivors (2048K)
 Metaspace       used 8877K, committed 9152K, reserved 1114112K
  class space    used 994K, committed 1088K, reserved 1048576K
GC Heap History (20 events):
Event: 25705.312 GC heap before
{Heap before GC invocations=1579 (full 0):
 garbage-first heap   total reserved 4194304K, committed 264192K, used 157275K [0x0000000700000000, 0x0000000800000000)
  region size 2048K, 76 young (155648K), 1 survivors (2048K)
 Metaspace       used 8877K, committed 9152K, reserved 1114112K
  class space    used 994K, committed 1088K, reserved 1048576K
}
Event: 25705.316 GC heap after
{Heap after GC invocations=1580 (full 0):
 garbage-first heap   total reserved 4194304K, committed 264192K, used 3635K [0x0000000700000000, 0x0000000800000000)
  region size 2048K, 1 young (2048K), 1 survivors (2048K)
 Metaspace       used 8877K, committed 9152K, reserved 1114112K
  class space    used 994K, committed 1088K, reserved 1048576K
}
Event: 25722.598 GC heap before
{Heap before GC invocations=1580 (full 0):
 garbage-first heap   total reserved 4194304K, committed 264192K, used 157235K [0x0000000700000000, 0x0000000800000000)
  region size 2048K, 76 young (155648K), 1 survivors (2048K)
 Metaspace       used 8877K, committed 9152K, reserved 1114112K
  class space    used 994K, committed 1088K, reserved 1048576K
}
Event: 25722.602 GC heap after
{Heap after GC invocations=1581 (full 0):
 garbage-first heap   total reserved 4194304K, committed 264192K, used 3659K [0x0000000700000000, 0x0000000800000000)
  region size 2048K, 1 young (2048K), 1 survivors (2048K)
 Metaspace       used 8877K, committed 9152K, reserved 1114112K
  class space    used 994K, committed 1088K, reserved 1048576K
}
Event: 25739.809 GC heap before
{Heap before GC invocations=1581 (full 0):
 garbage-first heap   total reserved 4194304K, committed 264192K, used 157259K [0x0000000700000000, 0x0000000800000000)
  region size 2048K, 76 young (155648K), 1 survivors (2048K)
 Metaspace       used 8877K, committed 9152K, reserved 1114112K
  class space    used 994K, committed 1088K, reserved 1048576K
}
Event: 25739.813 GC heap after
{Heap after GC invocations=1582 (full 0):
 garbage-first heap   total reserved 4194304K, committed 264192K, used 3693K [0x0000000700000000, 0x0000000800000000)
  region size 2048K, 1 young (2048K), 1 survivors (2048K)
 Metaspace       used 8877K, committed 9152K, reserved 1114112K
  class space    used 994K, committed 1088K, reserved 1048576K
}
Event: 25757.129 GC heap before
{Heap before GC invocations=1582 (full 0):
 garbage-first heap   total reserved 4194304K, committed 264192K, used 157293K [0x0000000700000000, 0x0000000800000000)
  region size 2048K, 76 young (155648K), 1 survivors (2048K)
 Metaspace       used 8877K, committed 9152K, reserved 1114112K
  class space    used 994K, committed 1088K, reserved 1048576K
}
Event: 25757.132 GC heap after
{Heap after GC invocations=1583 (full 0):
 garbage-first heap   total reserved 4194304K, committed 264192K, used 3622K [0x0000000700000000, 0x0000000800000000)
  region size 2048K, 1 young (2048K), 1 survivors (2048K)
 Metaspace       used 8877K, committed 9152K, reserved 1114112K
  class space    used 994K, committed 1088K, reserved 1048576K
}
Event: 25774.404 GC heap before
{Heap before GC invocations=1583 (full 0):
 garbage-first heap   total reserved 4194304K, committed 264192K, used 157222K [0x0000000700000000, 0x0000000800000000)
  region size 2048K, 76 young (155648K), 1 survivors (2048K)
 Metaspace       used 8877K, committed 9152K, reserved 1114112K
  class space    used 994K, committed 1088K, reserved 1048576K
}
Event: 25774.407 GC heap after
{Heap after GC invocations=1584 (full 0):
 garbage-first heap   total reserved 4194304K, committed 264192K, used 3625K [0x0000000700000000, 0x0000000800000000)
  region size 2048K, 1 young (2048K), 1 survivors (2048K)
 Metaspace       used 8877K, committed 9152K, reserved 1114112K
  class space    used 994K, committed 1088K, reserved 1048576K
}
Event: 25791.667 GC heap before
{Heap before GC invocations=1584 (full 0):
 garbage-first heap   total reserved 4194304K, committed 264192K, used 157225K [0x0000000700000000, 0x0000000800000000)
  region size 2048K, 76 young (155648K), 1 survivors (2048K)
 Metaspace       used 8877K, committed 9152K, reserved 1114112K
  class space    used 994K, committed 1088K, reserved 1048576K
}
Event: 25791.670 GC heap after
{Heap after GC invocations=1585 (full 0):
 garbage-first heap   total reserved 4194304K, committed 264192K, used 3649K [0x0000000700000000, 0x0000000800000000)
  region size 2048K, 1 young (2048K), 1 survivors (2048K)
 Metaspace       used 8877K, committed 9152K, reserved 1114112K
  class space    used 994K, committed 1088K, reserved 1048576K
}
Event: 25808.894 GC heap before
{Heap before GC invocations=1585 (full 0):
 garbage-first heap   total reserved 4194304K, committed 264192K, used 157249K [0x0000000700000000, 0x0000000800000000)
  region size 2048K, 76 young (155648K), 1 survivors (2048K)
 Metaspace       used 8877K, committed 9152K, reserved 1114112K
  class space    used 994K, committed 1088K, reserved 1048576K
}
Event: 25808.897 GC heap after
{Heap after GC invocations=1586 (full 0):
 garbage-first heap   total reserved 4194304K, committed 264192K, used 3671K [0x0000000700000000, 0x0000000800000000)
  region size 2048K, 1 young (2048K), 1 survivors (2048K)
 Metaspace       used 8877K, committed 9152K, reserved 1114112K
  class space    used 994K, committed 1088K, reserved 1048576K
}
Event: 25826.166 GC heap before
{Heap before GC invocations=1586 (full 0):
 garbage-first heap   total reserved 4194304K, committed 264192K, used 157271K [0x0000000700000000, 0x0000000800000000)
  region size 2048K, 76 young (155648K), 1 survivors (2048K)
 Metaspace       used 8877K, committed 9152K, reserved 1114112K
  class space    used 994K, committed 1088K, reserved 1048576K
}
Event: 25826.170 GC heap after
{Heap after GC invocations=1587 (full 0):
 garbage-first heap   total reserved 4194304K, committed 264192K, used 3633K [0x0000000700000000, 0x0000000800000000)
  region size 2048K, 1 young (2048K), 1 survivors (2048K)
 Metaspace       used 8877K, committed 9152K, reserved 1114112K
  class space    used 994K, committed 1088K, reserved 1048576K
}
Event: 25843.390 GC heap before
{Heap before GC invocations=1587 (full 0):
 garbage-first heap   total reserved 4194304K, committed 264192K, used 157233K [0x0000000700000000, 0x0000000800000000)
  region size 2048K, 76 young (155648K), 1 survivors (2048K)
 Metaspace       used 8877K, committed 9152K, reserved 1114112K
  class space    used 994K, committed 1088K, reserved 1048576K
}
Event: 25843.393 GC heap after
{Heap after GC invocations=1588 (full 0):
 garbage-first heap   total reserved 4194304K, committed 264192K, used 3650K [0x0000000700000000, 0x0000000800000000)
  region size 2048K, 1 young (2048K), 1 survivors (2048K)
 Metaspace       used 8877K, committed 9152K, reserved 1114112K
  class space    used 994K, committed 1088K, reserved 1048576K
}
Event: 25861.572 GC heap before
{Heap before GC invocations=1588 (full 0):
 garbage-first heap   total reserved 4194304K, committed 264192K, used 157250K [0x0000000700000000, 0x0000000800000000)
  region size 2048K, 76 young (155648K), 1 survivors (2048K)
 Metaspace       used 8877K, committed 9152K, reserved 1114112K
  class space    used 994K, committed 1088K, reserved 1048576K
}
Event: 25861.575 GC heap after
{Heap after GC invocations=1589 (full 0):
 garbage-first heap   total reserved 4194304K, committed 264192K, used 3692K [0x0000000700000000, 0x0000000800000000)
  region size 2048K, 1 young (2048K), 1 survivors (2048K)
 Metaspace       used 8877K, committed 9152K, reserved 1114112K
  class space    used 994K, committed 1088K, reserved 1048576K
}

