# JRE version: OpenJDK Runtime Environment Temurin-23.0.1+11 (23.0.1+11) (build 23.0.1+11)
# Java VM: OpenJDK 64-Bit Server VM Temurin-23.0.1+11 (23.0.1+11, mixed mode, sharing, tiered, compressed oops, compressed class ptrs, g1 gc, bsd-amd64)
Heap:
 garbage-first heap   total reserved 4194304K, committed 264192K, used 96508K [0x0000000700000000, 0x0000000800000000)
  region size 2048K, 44 young (90112K), 1 survivors (2048K)
 Metaspace       used 12648K, committed 13248K, reserved 1114112K
  class space    used 1452K, committed 1728K, reserved 1048576K
GC Heap History (20 events):
Event: 13.387 GC heap before
{Heap before GC invocations=2 (full 0):
 garbage-first heap   total reserved 4194304K, committed 264192K, used 74421K [0x0000000700000000, 0x0000000800000000)
  region size 2048K, 33 young (67584K), 1 survivors (2048K)
 Metaspace       used 12312K, committed 12928K, reserved 1114112K
  class space    used 1445K, committed 1728K, reserved 1048576K
}
Event: 13.393 GC heap after
{Heap after GC invocations=3 (full 0):
 garbage-first heap   total reserved 4194304K, committed 264192K, used 8504K [0x0000000700000000, 0x0000000800000000)
  region size 2048K, 1 young (2048K), 1 survivors (2048K)
 Metaspace       used 12312K, committed 12928K, reserved 1114112K
  class space    used 1445K, committed 1728K, reserved 1048576K
}
Event: 19.754 GC heap before
{Heap before GC invocations=3 (full 0):
 garbage-first heap   total reserved 4194304K, committed 264192K, used 71992K [0x0000000700000000, 0x0000000800000000)
  region size 2048K, 32 young (65536K), 1 survivors (2048K)
 Metaspace       used 12425K, committed 13056K, reserved 1114112K
  class space    used 1445K, committed 1728K, reserved 1048576K
}
Event: 19.758 GC heap after
{Heap after GC invocations=4 (full 0):
 garbage-first heap   total reserved 4194304K, committed 264192K, used 8447K [0x0000000700000000, 0x0000000800000000)
  region size 2048K, 1 young (2048K), 1 survivors (2048K)
 Metaspace       used 12425K, committed 13056K, reserved 1114112K
  class space    used 1445K, committed 1728K, reserved 1048576K
}
Event: 31.734 GC heap before
{Heap before GC invocations=4 (full 0):
 garbage-first heap   total reserved 4194304K, committed 264192K, used 121087K [0x0000000700000000, 0x0000000800000000)
  region size 2048K, 56 young (114688K), 1 survivors (2048K)
 Metaspace       used 12447K, committed 13056K, reserved 1114112K
  class space    used 1445K, committed 1728K, reserved 1048576K
}
Event: 31.741 GC heap after
{Heap after GC invocations=5 (full 0):
 garbage-first heap   total reserved 4194304K, committed 264192K, used 8432K [0x0000000700000000, 0x0000000800000000)
  region size 2048K, 1 young (2048K), 1 survivors (2048K)
 Metaspace       used 12447K, committed 13056K, reserved 1114112K
  class space    used 1445K, committed 1728K, reserved 1048576K
}
Event: 41.936 GC heap before
{Heap before GC invocations=5 (full 0):
 garbage-first heap   total reserved 4194304K, committed 264192K, used 119024K [0x0000000700000000, 0x0000000800000000)
  region size 2048K, 55 young (112640K), 1 survivors (2048K)
 Metaspace       used 12500K, committed 13120K, reserved 1114112K
  class space    used 1452K, committed 1728K, reserved 1048576K
}
Event: 41.942 GC heap after
{Heap after GC invocations=6 (full 0):
 garbage-first heap   total reserved 4194304K, committed 264192K, used 8434K [0x0000000700000000, 0x0000000800000000)
  region size 2048K, 1 young (2048K), 1 survivors (2048K)
 Metaspace       used 12500K, committed 13120K, reserved 1114112K
  class space    used 1452K, committed 1728K, reserved 1048576K
}
Event: 51.097 GC heap before
{Heap before GC invocations=6 (full 0):
 garbage-first heap   total reserved 4194304K, committed 264192K, used 162034K [0x0000000700000000, 0x0000000800000000)
  region size 2048K, 76 young (155648K), 1 survivors (2048K)
 Metaspace       used 12648K, committed 13248K, reserved 1114112K
  class space    used 1452K, committed 1728K, reserved 1048576K
}
Event: 51.102 GC heap after
{Heap after GC invocations=7 (full 0):
 garbage-first heap   total reserved 4194304K, committed 264192K, used 8440K [0x0000000700000000, 0x0000000800000000)
  region size 2048K, 1 young (2048K), 1 survivors (2048K)
 Metaspace       used 12648K, committed 13248K, reserved 1114112K
  class space    used 1452K, committed 1728K, reserved 1048576K
}
Event: 62.222 GC heap before
{Heap before GC invocations=7 (full 0):
 garbage-first heap   total reserved 4194304K, committed 264192K, used 162040K [0x0000000700000000, 0x0000000800000000)
  region size 2048K, 76 young (155648K), 1 survivors (2048K)
 Metaspace       used 12648K, committed 13248K, reserved 1114112K
  class space    used 1452K, committed 1728K, reserved 1048576K
}
Event: 62.224 GC heap after
{Heap after GC invocations=8 (full 0):
 garbage-first heap   total reserved 4194304K, committed 264192K, used 8436K [0x0000000700000000, 0x0000000800000000)
  region size 2048K, 1 young (2048K), 1 survivors (2048K)
 Metaspace       used 12648K, committed 13248K, reserved 1114112K
  class space    used 1452K, committed 1728K, reserved 1048576K
}
Event: 71.613 GC heap before
{Heap before GC invocations=8 (full 0):
 garbage-first heap   total reserved 4194304K, committed 264192K, used 162036K [0x0000000700000000, 0x0000000800000000)
  region size 2048K, 76 young (155648K), 1 survivors (2048K)
 Metaspace       used 12648K, committed 13248K, reserved 1114112K
  class space    used 1452K, committed 1728K, reserved 1048576K
}
Event: 71.615 GC heap after
{Heap after GC invocations=9 (full 0):
 garbage-first heap   total reserved 4194304K, committed 264192K, used 8442K [0x0000000700000000, 0x0000000800000000)
  region size 2048K, 1 young (2048K), 1 survivors (2048K)
 Metaspace       used 12648K, committed 13248K, reserved 1114112K
  class space    used 1452K, committed 1728K, reserved 1048576K
}
Event: 87.982 GC heap before
{Heap before GC invocations=9 (full 0):
 garbage-first heap   total reserved 4194304K, committed 264192K, used 162042K [0x0000000700000000, 0x0000000800000000)
  region size 2048K, 76 young (155648K), 1 survivors (2048K)
 Metaspace       used 12648K, committed 13248K, reserved 1114112K
  class space    used 1452K, committed 1728K, reserved 1048576K
}
Event: 87.985 GC heap after
{Heap after GC invocations=10 (full 0):
 garbage-first heap   total reserved 4194304K, committed 264192K, used 8440K [0x0000000700000000, 0x0000000800000000)
  region size 2048K, 1 young (2048K), 1 survivors (2048K)
 Metaspace       used 12648K, committed 13248K, reserved 1114112K
  class space    used 1452K, committed 1728K, reserved 1048576K
}
Event: 103.804 GC heap before
{Heap before GC invocations=10 (full 0):
 garbage-first heap   total reserved 4194304K, committed 264192K, used 162040K [0x0000000700000000, 0x0000000800000000)
  region size 2048K, 76 young (155648K), 1 survivors (2048K)
 Metaspace       used 12648K, committed 13248K, reserved 1114112K
  class space    used 1452K, committed 1728K, reserved 1048576K
}
Event: 103.807 GC heap after
{Heap after GC invocations=11 (full 0):
 garbage-first heap   total reserved 4194304K, committed 264192K, used 8434K [0x0000000700000000, 0x0000000800000000)
  region size 2048K, 1 young (2048K), 1 survivors (2048K)
 Metaspace       used 12648K, committed 13248K, reserved 1114112K
  class space    used 1452K, committed 1728K, reserved 1048576K
}
Event: 121.907 GC heap before
{Heap before GC invocations=11 (full 0):
 garbage-first heap   total reserved 4194304K, committed 264192K, used 162034K [0x0000000700000000, 0x0000000800000000)
  region size 2048K, 76 young (155648K), 1 survivors (2048K)
 Metaspace       used 12648K, committed 13248K, reserved 1114112K
  class space    used 1452K, committed 1728K, reserved 1048576K
}
Event: 121.911 GC heap after
{Heap after GC invocations=12 (full 0):
 garbage-first heap   total reserved 4194304K, committed 264192K, used 8444K [0x0000000700000000, 0x0000000800000000)
  region size 2048K, 1 young (2048K), 1 survivors (2048K)
 Metaspace       used 12648K, committed 13248K, reserved 1114112K
  class space    used 1452K, committed 1728K, reserved 1048576K
}

